<?xml version="1.0" encoding="UTF-8"?>
<!-- Generated by org.testng.reporters.JUnitReportReporter -->
<testsuite hostname="HP_Prameela" failures="0" tests="1" name="com.crm.campaigntest.campaignTest" time="4.216" errors="0" timestamp="2025-03-05T22:07:17 IST" skipped="0">
  <testcase classname="com.crm.campaigntest.campaignTest" name="navigatetoCampaignPageTest" time="4.216"/>
  <system-out/>
</testsuite> <!-- com.crm.campaigntest.campaignTest -->
