<?xml version="1.0" encoding="UTF-8"?>
<!-- Generated by org.testng.reporters.JUnitReportReporter -->
<testsuite hostname="HP_Prameela" failures="0" tests="4" name="orgtest.OrganizationmoduleTest" time="18.821" errors="0" timestamp="2025-03-05T22:09:03 IST" skipped="0">
  <testcase classname="orgtest.OrganizationmoduleTest" name="verifylogoTest" time="2.352"/>
  <system-out>
    <![CDATA[verifylogoTest verified==pass]]>
  </system-out>
  <testcase classname="orgtest.OrganizationmoduleTest" name="tc_02Test" time="4.474"/>
  <system-out>
    <![CDATA[tc_02Test verified==pass]]>
  </system-out>
  <testcase classname="orgtest.OrganizationmoduleTest" name="CreateOrgwithIndustryTest" time="9.817"/>
  <system-out>
    <![CDATA[CreateOrgwithIndustryTest verified==pass]]>
  </system-out>
  <testcase classname="orgtest.OrganizationmoduleTest" name="tc_01Test" time="2.178"/>
  <system-out>
    <![CDATA[tc_01Test verified==pass]]>
  </system-out>
</testsuite> <!-- orgtest.OrganizationmoduleTest -->
